mode: set
airbnb/feature/users/service/service.go:14.67,18.2 1 1
airbnb/feature/users/service/service.go:20.60,22.2 1 1
airbnb/feature/users/service/service.go:24.66,26.2 1 1
airbnb/feature/users/service/service.go:28.85,32.24 3 1
airbnb/feature/users/service/service.go:36.2,37.16 2 0
airbnb/feature/users/service/service.go:41.2,41.35 1 0
airbnb/feature/users/service/service.go:32.24,34.3 1 1
airbnb/feature/users/service/service.go:37.16,39.3 1 0
airbnb/feature/users/service/service.go:44.91,45.62 1 1
airbnb/feature/users/service/service.go:49.2,50.16 2 0
airbnb/feature/users/service/service.go:54.2,54.30 1 0
airbnb/feature/users/service/service.go:45.62,47.3 1 0
airbnb/feature/users/service/service.go:50.16,52.3 1 0
airbnb/feature/users/service/service.go:57.45,58.49 1 1
airbnb/feature/users/service/service.go:62.2,62.27 1 1
airbnb/feature/users/service/service.go:58.49,60.3 1 0
airbnb/feature/homestay/service/service.go:15.67,20.2 1 1
airbnb/feature/homestay/service/service.go:23.69,27.16 2 1
airbnb/feature/homestay/service/service.go:30.2,30.12 1 0
airbnb/feature/homestay/service/service.go:27.16,29.3 1 0
airbnb/feature/homestay/service/service.go:32.78,35.2 2 1
airbnb/feature/homestay/service/service.go:37.77,39.16 2 1
airbnb/feature/homestay/service/service.go:42.2,42.12 1 0
airbnb/feature/homestay/service/service.go:39.16,41.3 1 0
airbnb/feature/homestay/service/service.go:45.50,48.2 2 1
airbnb/feature/homestay/service/service.go:50.79,53.2 2 1
